<?xml version="1.0" encoding="UTF-8"?>
<!-- Generated by org.testng.reporters.JUnitReportReporter -->
<testsuite skipped="0" hostname="CTLINDT-0282" name="TestNg.FirstTestNGScript" tests="3" failures="0" timestamp="16 Aug 2017 06:34:55 GMT" time="0.014" errors="0">
  <testcase name="loginApplication" time="0.010" classname="TestNg.FirstTestNGScript"/>
  <testcase name="selectItems" time="0.003" classname="TestNg.FirstTestNGScript"/>
  <testcase name="checkOut" time="0.001" classname="TestNg.FirstTestNGScript"/>
</testsuite> <!-- TestNg.FirstTestNGScript -->
