<?xml version="1.0" encoding="UTF-8"?>
<!-- Generated by org.testng.reporters.JUnitReportReporter -->
<testsuite skipped="0" hostname="CTLINDT-0282" name="com.wordpress.Testcases.VerifyWordpressLogin1" tests="1" failures="0" timestamp="18 Aug 2017 10:00:55 GMT" time="20.884" errors="0">
  <testcase name="verifyValidLogin" time="20.884" classname="com.wordpress.Testcases.VerifyWordpressLogin1"/>
</testsuite> <!-- com.wordpress.Testcases.VerifyWordpressLogin1 -->
