<?xml version="1.0" encoding="UTF-8"?>
<!-- Generated by org.testng.reporters.JUnitReportReporter -->
<testsuite skipped="0" hostname="CTLINDT-0282" name="com.wordpress.Testcases.VerifyWordpressLogin" tests="1" failures="0" timestamp="18 Aug 2017 09:29:54 GMT" time="15.309" errors="0">
  <testcase name="verifyValidLogin" time="15.309" classname="com.wordpress.Testcases.VerifyWordpressLogin"/>
</testsuite> <!-- com.wordpress.Testcases.VerifyWordpressLogin -->
